<?xml version="1.0" encoding="utf-8"?><testsuites name="pytest tests"><testsuite name="pytest" errors="0" failures="0" skipped="0" tests="27" time="3.951" timestamp="2026-02-18T09:39:37.317411+00:00" hostname="agent-env-f786a169-d2e4-45de-9cb7-e0ede2e9a076"><testcase classname="backend.tests.test_analytics.TestAnalyticsOverview" name="test_analytics_overview_returns_200" time="0.264" /><testcase classname="backend.tests.test_analytics.TestAnalyticsOverview" name="test_analytics_overview_contains_required_fields" time="0.111" /><testcase classname="backend.tests.test_analytics.TestAnalyticsOverview" name="test_analytics_overview_values_are_non_negative" time="0.106" /><testcase classname="backend.tests.test_analytics.TestPopularDocs" name="test_popular_docs_returns_200" time="0.116" /><testcase classname="backend.tests.test_analytics.TestPopularDocs" name="test_popular_docs_returns_list" time="0.103" /><testcase classname="backend.tests.test_analytics.TestPopularDocs" name="test_popular_docs_item_structure" time="0.109" /><testcase classname="backend.tests.test_analytics.TestPopularDocs" name="test_popular_docs_sorted_by_views" time="0.106" /><testcase classname="backend.tests.test_analytics.TestSearchAnalytics" name="test_searches_returns_200" time="0.103" /><testcase classname="backend.tests.test_analytics.TestSearchAnalytics" name="test_searches_returns_list" time="0.102" /><testcase classname="backend.tests.test_analytics.TestSearchAnalytics" name="test_searches_item_structure" time="0.110" /><testcase classname="backend.tests.test_analytics.TestChatbotAnalytics" name="test_chatbot_returns_200" time="0.106" /><testcase classname="backend.tests.test_analytics.TestChatbotAnalytics" name="test_chatbot_has_required_fields" time="0.109" /><testcase classname="backend.tests.test_analytics.TestChatbotAnalytics" name="test_chatbot_daily_item_structure" time="0.106" /><testcase classname="backend.tests.test_analytics.TestChatbotAnalytics" name="test_chatbot_recent_item_structure" time="0.106" /><testcase classname="backend.tests.test_analytics.TestActivityAnalytics" name="test_activity_returns_200" time="0.105" /><testcase classname="backend.tests.test_analytics.TestActivityAnalytics" name="test_activity_has_required_fields" time="0.103" /><testcase classname="backend.tests.test_analytics.TestActivityAnalytics" name="test_activity_recent_doc_structure" time="0.105" /><testcase classname="backend.tests.test_analytics.TestDocumentViewTracking" name="test_track_view_returns_200" time="0.221" /><testcase classname="backend.tests.test_analytics.TestDocumentViewTracking" name="test_track_view_increments_count" time="0.473" /><testcase classname="backend.tests.test_analytics.TestDocumentViewTracking" name="test_track_view_with_unknown_doc" time="0.106" /><testcase classname="backend.tests.test_analytics.TestSearchLogging" name="test_search_logs_query" time="0.289" /><testcase classname="backend.tests.test_analytics.TestExistingFeaturesRegression" name="test_documents_endpoint" time="0.116" /><testcase classname="backend.tests.test_analytics.TestExistingFeaturesRegression" name="test_categories_endpoint" time="0.112" /><testcase classname="backend.tests.test_analytics.TestExistingFeaturesRegression" name="test_search_endpoint" time="0.103" /><testcase classname="backend.tests.test_analytics.TestExistingFeaturesRegression" name="test_single_document_endpoint" time="0.229" /><testcase classname="backend.tests.test_analytics.TestExistingFeaturesRegression" name="test_bookmarks_endpoint" time="0.099" /><testcase classname="backend.tests.test_analytics.TestExistingFeaturesRegression" name="test_tags_endpoint" time="0.101" /></testsuite></testsuites>