<?xml version="1.0" encoding="utf-8"?><testsuites name="pytest tests"><testsuite name="pytest" errors="0" failures="0" skipped="0" tests="10" time="1.106" timestamp="2026-02-13T19:14:48.579476+00:00" hostname="agent-env-f786a169-d2e4-45de-9cb7-e0ede2e9a076"><testcase classname="backend.tests.test_collab_websocket.TestPresenceRESTEndpoint" name="test_presence_returns_empty_for_unknown_doc" time="0.003" /><testcase classname="backend.tests.test_collab_websocket.TestPresenceRESTEndpoint" name="test_presence_endpoint_exists" time="0.006" /><testcase classname="backend.tests.test_collab_websocket.TestWebSocketBasicConnection" name="test_websocket_connects_and_receives_presence" time="0.007" /><testcase classname="backend.tests.test_collab_websocket.TestWebSocketBasicConnection" name="test_websocket_with_special_characters_in_name" time="0.003" /><testcase classname="backend.tests.test_collab_websocket.TestMultiUserWebSocket" name="test_two_users_see_each_other_in_presence" time="0.004" /><testcase classname="backend.tests.test_collab_websocket.TestContentBroadcast" name="test_content_update_broadcasts_to_other_users" time="0.004" /><testcase classname="backend.tests.test_collab_websocket.TestModeChange" name="test_mode_change_updates_presence" time="0.004" /><testcase classname="backend.tests.test_collab_websocket.TestAutoSaveViaWebSocket" name="test_save_message_persists_to_database" time="1.018" /><testcase classname="backend.tests.test_collab_websocket.TestCursorUpdate" name="test_cursor_update_broadcasts" time="0.004" /><testcase classname="backend.tests.test_collab_websocket.TestDisconnectBehavior" name="test_disconnect_removes_user_from_presence" time="0.003" /></testsuite></testsuites>