<?xml version="1.0" encoding="utf-8"?><testsuites name="pytest tests"><testsuite name="pytest" errors="0" failures="0" skipped="0" tests="16" time="22.067" timestamp="2026-02-13T09:25:56.109979+00:00" hostname="agent-env-efad4c30-85b6-4119-a62d-26cd4c148e54"><testcase classname="tests.test_iteration4_fixes.TestCategories" name="test_categories_count_46" time="0.009" /><testcase classname="tests.test_iteration4_fixes.TestCategories" name="test_limitations_category_exists" time="0.004" /><testcase classname="tests.test_iteration4_fixes.TestCategories" name="test_ui_guide_category_exists" time="0.004" /><testcase classname="tests.test_iteration4_fixes.TestDocuments" name="test_documents_count_36" time="0.005" /><testcase classname="tests.test_iteration4_fixes.TestDocuments" name="test_platform_limitations_doc_exists" time="0.005" /><testcase classname="tests.test_iteration4_fixes.TestDocuments" name="test_complete_ui_guide_doc_exists" time="0.005" /><testcase classname="tests.test_iteration4_fixes.TestSystemArchitecture" name="test_system_arch_contains_database_layer" time="0.005" /><testcase classname="tests.test_iteration4_fixes.TestSystemArchitecture" name="test_system_arch_contains_job_audits" time="0.005" /><testcase classname="tests.test_iteration4_fixes.TestSystemArchitecture" name="test_system_arch_contains_tool_registry" time="0.005" /><testcase classname="tests.test_iteration4_fixes.TestSystemArchitecture" name="test_system_arch_contains_env" time="0.005" /><testcase classname="tests.test_iteration4_fixes.TestChatEndpoint" name="test_chat_returns_response" time="16.266" /><testcase classname="tests.test_iteration4_fixes.TestChatEndpoint" name="test_chat_about_database_layer" time="5.619" /><testcase classname="tests.test_iteration4_fixes.TestRegression" name="test_auth_me_endpoint" time="0.003" /><testcase classname="tests.test_iteration4_fixes.TestRegression" name="test_search_endpoint" time="0.004" /><testcase classname="tests.test_iteration4_fixes.TestRegression" name="test_bookmarks_endpoint" time="0.003" /><testcase classname="tests.test_iteration4_fixes.TestRegression" name="test_templates_endpoint" time="0.002" /></testsuite></testsuites>