<?xml version="1.0" encoding="utf-8"?><testsuites name="pytest tests"><testsuite name="pytest" errors="0" failures="0" skipped="0" tests="11" time="1.796" timestamp="2026-02-13T19:45:39.517941+00:00" hostname="agent-env-f786a169-d2e4-45de-9cb7-e0ede2e9a076"><testcase classname="backend.tests.test_iteration6_content_fixes.TestContentAccuracy" name="test_ui_guide_mentions_message_panel_for_github_save" time="0.172" /><testcase classname="backend.tests.test_iteration6_content_fixes.TestContentAccuracy" name="test_system_architecture_has_diagram_explanation" time="0.123" /><testcase classname="backend.tests.test_iteration6_content_fixes.TestContentAccuracy" name="test_what_is_e1_has_flow_explanations" time="0.138" /><testcase classname="backend.tests.test_iteration6_content_fixes.TestContentAccuracy" name="test_subagent_system_has_flow_explanations" time="0.183" /><testcase classname="backend.tests.test_iteration6_content_fixes.TestContentAccuracy" name="test_tool_execution_engine_has_flow_explanations" time="0.146" /><testcase classname="backend.tests.test_iteration6_content_fixes.TestBackendAPIs" name="test_health_endpoint" time="0.160" /><testcase classname="backend.tests.test_iteration6_content_fixes.TestBackendAPIs" name="test_categories_endpoint" time="0.151" /><testcase classname="backend.tests.test_iteration6_content_fixes.TestBackendAPIs" name="test_documents_endpoint" time="0.115" /><testcase classname="backend.tests.test_iteration6_content_fixes.TestBackendAPIs" name="test_search_endpoint" time="0.150" /><testcase classname="backend.tests.test_iteration6_content_fixes.TestBackendAPIs" name="test_mermaid_diagrams_count" time="0.128" /><testcase classname="backend.tests.test_iteration6_content_fixes.TestWebSocketCollaboration" name="test_collab_presence_endpoint" time="0.271" /></testsuite></testsuites>