<?xml version="1.0" encoding="utf-8"?><testsuites name="pytest tests"><testsuite name="pytest" errors="0" failures="0" skipped="0" tests="16" time="5.083" timestamp="2026-02-26T10:14:56.064142+00:00" hostname="agent-env-2e303016-2c5b-4770-88b2-19625eff17f6"><testcase classname="backend.tests.test_iteration13_new_features.TestKeywordsEndpoint" name="test_keywords_endpoint_returns_data" time="0.162" /><testcase classname="backend.tests.test_iteration13_new_features.TestKeywordsEndpoint" name="test_keywords_contains_expected_terms" time="0.112" /><testcase classname="backend.tests.test_iteration13_new_features.TestKeywordsEndpoint" name="test_keywords_values_are_valid_uuids" time="0.110" /><testcase classname="backend.tests.test_iteration13_new_features.TestVersionHistory" name="test_get_versions_empty_initially" time="0.437" /><testcase classname="backend.tests.test_iteration13_new_features.TestVersionHistory" name="test_update_creates_version" time="0.523" /><testcase classname="backend.tests.test_iteration13_new_features.TestVersionHistory" name="test_restore_version_api" time="0.732" /><testcase classname="backend.tests.test_iteration13_new_features.TestVersionHistory" name="test_restore_creates_new_version" time="0.970" /><testcase classname="backend.tests.test_iteration13_new_features.TestUserManagement" name="test_list_users" time="0.111" /><testcase classname="backend.tests.test_iteration13_new_features.TestUserManagement" name="test_invite_user" time="0.203" /><testcase classname="backend.tests.test_iteration13_new_features.TestUserManagement" name="test_invite_duplicate_fails" time="0.338" /><testcase classname="backend.tests.test_iteration13_new_features.TestUserManagement" name="test_change_user_role" time="0.429" /><testcase classname="backend.tests.test_iteration13_new_features.TestUserManagement" name="test_delete_user" time="0.333" /><testcase classname="backend.tests.test_iteration13_new_features.TestDocumentMetadata" name="test_document_has_updated_at" time="0.113" /><testcase classname="backend.tests.test_iteration13_new_features.TestDocumentMetadata" name="test_reading_time_calculation" time="0.213" /><testcase classname="backend.tests.test_iteration13_new_features.TestHomePageCategories" name="test_categories_exist" time="0.108" /><testcase classname="backend.tests.test_iteration13_new_features.TestHomePageCategories" name="test_tutorials_is_last_category" time="0.105" /></testsuite></testsuites>