<?xml version="1.0" encoding="utf-8"?><testsuites name="pytest tests"><testsuite name="pytest" errors="0" failures="0" skipped="0" tests="20" time="2.258" timestamp="2026-03-04T12:44:38.385934+00:00" hostname="agent-env-2e753525-eae3-49eb-be92-b785187ac8df"><testcase classname="backend.tests.test_iteration17_category_module_tests.TestModuleTestsAPI" name="test_module_tests_returns_questions_for_valid_category" time="0.151" /><testcase classname="backend.tests.test_iteration17_category_module_tests.TestModuleTestsAPI" name="test_module_tests_question_structure" time="0.112" /><testcase classname="backend.tests.test_iteration17_category_module_tests.TestModuleTestsAPI" name="test_module_tests_for_platform_architecture" time="0.107" /><testcase classname="backend.tests.test_iteration17_category_module_tests.TestModuleTestsAPI" name="test_module_tests_for_llm_internals" time="0.104" /><testcase classname="backend.tests.test_iteration17_category_module_tests.TestModuleTestsAPI" name="test_module_tests_empty_for_nonexistent_category" time="0.110" /><testcase classname="backend.tests.test_iteration17_category_module_tests.TestModuleTestsAPI" name="test_module_tests_correct_answer_in_range" time="0.108" /><testcase classname="backend.tests.test_iteration17_category_module_tests.TestCategoriesAPI" name="test_categories_returns_list" time="0.110" /><testcase classname="backend.tests.test_iteration17_category_module_tests.TestCategoriesAPI" name="test_categories_include_getting_started" time="0.106" /><testcase classname="backend.tests.test_iteration17_category_module_tests.TestCategoriesAPI" name="test_category_structure" time="0.106" /><testcase classname="backend.tests.test_iteration17_category_module_tests.TestLearningPathsAPI" name="test_learning_paths_returns_list" time="0.108" /><testcase classname="backend.tests.test_iteration17_category_module_tests.TestLearningPathsAPI" name="test_learning_path_structure" time="0.106" /><testcase classname="backend.tests.test_iteration17_category_module_tests.TestLearningPathsAPI" name="test_learning_path_steps_structure" time="0.105" /><testcase classname="backend.tests.test_iteration17_category_module_tests.TestLearningPathsAPI" name="test_learning_path_detail_returns_path" time="0.111" /><testcase classname="backend.tests.test_iteration17_category_module_tests.TestLearningPathsAPI" name="test_learning_path_detail_not_found" time="0.107" /><testcase classname="backend.tests.test_iteration17_category_module_tests.TestPathTestsAPI" name="test_path_tests_endpoint_exists" time="0.104" /><testcase classname="backend.tests.test_iteration17_category_module_tests.TestPathTestsAPI" name="test_path_tests_structure" time="0.104" /><testcase classname="backend.tests.test_iteration17_category_module_tests.TestPathTestsAPI" name="test_path_tests_empty_for_nonexistent" time="0.109" /><testcase classname="backend.tests.test_iteration17_category_module_tests.TestDocumentsAPI" name="test_documents_returns_list" time="0.113" /><testcase classname="backend.tests.test_iteration17_category_module_tests.TestDocumentsAPI" name="test_documents_have_category_id" time="0.122" /><testcase classname="backend.tests.test_iteration17_category_module_tests.TestDocumentsAPI" name="test_documents_filter_by_category" time="0.100" /></testsuite></testsuites>