<?xml version="1.0" encoding="utf-8"?><testsuites name="pytest tests"><testsuite name="pytest" errors="0" failures="0" skipped="0" tests="13" time="16.877" timestamp="2026-02-23T18:57:05.097617+00:00" hostname="agent-env-2e303016-2c5b-4770-88b2-19625eff17f6"><testcase classname="tests.test_iteration10_fixes.TestCategoriesAPI" name="test_get_categories_returns_all" time="0.195" /><testcase classname="tests.test_iteration10_fixes.TestCategoriesAPI" name="test_test_cases_category_has_internal_flag" time="0.150" /><testcase classname="tests.test_iteration10_fixes.TestCategoriesAPI" name="test_internal_categories_count" time="0.160" /><testcase classname="tests.test_iteration10_fixes.TestDocumentsAPI" name="test_get_documents_list" time="0.135" /><testcase classname="tests.test_iteration10_fixes.TestDocumentsAPI" name="test_test_case_document_has_correct_table_format" time="0.281" /><testcase classname="tests.test_iteration10_fixes.TestToolsAPI" name="test_get_tools_list" time="0.256" /><testcase classname="tests.test_iteration10_fixes.TestToolsAPI" name="test_create_and_delete_tool" time="1.065" /><testcase classname="tests.test_iteration10_fixes.TestSearchAPI" name="test_search_returns_results" time="0.221" /><testcase classname="tests.test_iteration10_fixes.TestSearchAPI" name="test_search_with_empty_query" time="0.130" /><testcase classname="tests.test_iteration10_fixes.TestChatbotAPI" name="test_chatbot_endpoint_exists" time="13.694" /><testcase classname="tests.test_iteration10_fixes.TestUsersAPI" name="test_get_users_list" time="0.185" /><testcase classname="tests.test_iteration10_fixes.TestBookmarksAPI" name="test_get_bookmarks" time="0.113" /><testcase classname="tests.test_iteration10_fixes.TestHealthCheck" name="test_api_root" time="0.181" /></testsuite></testsuites>