<?xml version="1.0" encoding="utf-8"?><testsuites name="pytest tests"><testsuite name="pytest" errors="0" failures="0" skipped="0" tests="13" time="4.320" timestamp="2026-02-26T11:49:37.327130+00:00" hostname="agent-env-2e303016-2c5b-4770-88b2-19625eff17f6"><testcase classname="backend.tests.test_iteration15_quizzes_learning.TestQuizAPI" name="test_quiz_for_document_with_quiz" time="0.252" /><testcase classname="backend.tests.test_iteration15_quizzes_learning.TestQuizAPI" name="test_quiz_for_document_without_quiz" time="0.106" /><testcase classname="backend.tests.test_iteration15_quizzes_learning.TestQuizAPI" name="test_quiz_question_content_validity" time="0.109" /><testcase classname="backend.tests.test_iteration15_quizzes_learning.TestLearningPathsAPI" name="test_get_all_learning_paths" time="0.117" /><testcase classname="backend.tests.test_iteration15_quizzes_learning.TestLearningPathsAPI" name="test_learning_path_titles" time="0.102" /><testcase classname="backend.tests.test_iteration15_quizzes_learning.TestLearningPathsAPI" name="test_learning_path_difficulty_levels" time="0.121" /><testcase classname="backend.tests.test_iteration15_quizzes_learning.TestLearningPathsAPI" name="test_learning_path_step_counts" time="0.104" /><testcase classname="backend.tests.test_iteration15_quizzes_learning.TestLearningPathsAPI" name="test_get_single_learning_path" time="0.206" /><testcase classname="backend.tests.test_iteration15_quizzes_learning.TestLearningPathsAPI" name="test_get_nonexistent_learning_path" time="0.107" /><testcase classname="backend.tests.test_iteration15_quizzes_learning.TestLearningPathsAPI" name="test_learning_path_step_document_references" time="2.685" /><testcase classname="backend.tests.test_iteration15_quizzes_learning.TestQuizIntegration" name="test_documents_with_quizzes" time="0.107" /><testcase classname="backend.tests.test_iteration15_quizzes_learning.TestQuizIntegration" name="test_quiz_endpoint_performance" time="0.106" /><testcase classname="backend.tests.test_iteration15_quizzes_learning.TestSidebarLearningPathsLink" name="test_documents_endpoint_works" time="0.115" /></testsuite></testsuites>