<?xml version="1.0" encoding="utf-8"?><testsuites name="pytest tests"><testsuite name="pytest" errors="0" failures="0" skipped="0" tests="12" time="1.614" timestamp="2026-02-18T10:02:50.448728+00:00" hostname="agent-env-f786a169-d2e4-45de-9cb7-e0ede2e9a076"><testcase classname="backend.tests.test_content_fixes.TestCategoriesAndDocuments" name="test_total_categories_count" time="0.278" /><testcase classname="backend.tests.test_content_fixes.TestCategoriesAndDocuments" name="test_total_documents_count" time="0.107" /><testcase classname="backend.tests.test_content_fixes.TestCategoriesAndDocuments" name="test_tools_resources_category_exists" time="0.106" /><testcase classname="backend.tests.test_content_fixes.TestCategoriesAndDocuments" name="test_tools_resources_has_document" time="0.217" /><testcase classname="backend.tests.test_content_fixes.TestContentAccuracyFixes" name="test_debug_panel_token_count" time="0.103" /><testcase classname="backend.tests.test_content_fixes.TestContentAccuracyFixes" name="test_transformers_layer_count" time="0.106" /><testcase classname="backend.tests.test_content_fixes.TestContentAccuracyFixes" name="test_autogen_production_ready" time="0.109" /><testcase classname="backend.tests.test_content_fixes.TestContentAccuracyFixes" name="test_ui_guide_rollback_location" time="0.106" /><testcase classname="backend.tests.test_content_fixes.TestContentAccuracyFixes" name="test_mongodb_has_mermaid_diagram" time="0.101" /><testcase classname="backend.tests.test_content_fixes.TestAnalyticsEndpoints" name="test_analytics_overview" time="0.106" /><testcase classname="backend.tests.test_content_fixes.TestAnalyticsEndpoints" name="test_analytics_popular_docs" time="0.106" /><testcase classname="backend.tests.test_content_fixes.TestAnalyticsEndpoints" name="test_analytics_searches" time="0.101" /></testsuite></testsuites>