<?xml version="1.0" encoding="utf-8"?><testsuites name="pytest tests"><testsuite name="pytest" errors="0" failures="0" skipped="0" tests="10" time="0.146" timestamp="2026-02-18T16:45:50.279869+00:00" hostname="agent-env-f786a169-d2e4-45de-9cb7-e0ede2e9a076"><testcase classname="backend.tests.test_iteration9_bugs.TestAnalyticsEndpoints" name="test_popular_docs_shows_deleted_document_label" time="0.008" /><testcase classname="backend.tests.test_iteration9_bugs.TestAnalyticsEndpoints" name="test_no_test_search_queries_in_analytics" time="0.003" /><testcase classname="backend.tests.test_iteration9_bugs.TestToolsAPI" name="test_create_tool" time="0.003" /><testcase classname="backend.tests.test_iteration9_bugs.TestToolsAPI" name="test_delete_tool" time="0.007" /><testcase classname="backend.tests.test_iteration9_bugs.TestTrashRestore" name="test_restore_document_from_trash" time="0.021" /><testcase classname="backend.tests.test_iteration9_bugs.TestUserRoleChange" name="test_change_user_role" time="0.008" /><testcase classname="backend.tests.test_iteration9_bugs.TestDocumentContent" name="test_e1_document_has_capability_table" time="0.007" /><testcase classname="backend.tests.test_iteration9_bugs.TestDocumentContent" name="test_tools_document_has_shadcn_javascript" time="0.007" /><testcase classname="backend.tests.test_iteration9_bugs.TestDocumentViews" name="test_view_tracking_stores_title" time="0.011" /><testcase classname="backend.tests.test_iteration9_bugs.TestDocumentCount" name="test_home_page_document_count" time="0.009" /></testsuite></testsuites>