<?xml version="1.0" encoding="utf-8"?><testsuites name="pytest tests"><testsuite name="pytest" errors="0" failures="0" skipped="0" tests="31" time="54.028" timestamp="2026-02-26T11:31:41.468151+00:00" hostname="agent-env-2e303016-2c5b-4770-88b2-19625eff17f6"><testcase classname="backend.tests.test_iteration14_features.TestHealthAndBasics" name="test_api_root" time="0.245" /><testcase classname="backend.tests.test_iteration14_features.TestHealthAndBasics" name="test_categories_list" time="0.113" /><testcase classname="backend.tests.test_iteration14_features.TestHealthAndBasics" name="test_documents_list" time="4.204" /><testcase classname="backend.tests.test_iteration14_features.TestRelatedDocuments" name="test_documents_have_category_id" time="0.111" /><testcase classname="backend.tests.test_iteration14_features.TestRelatedDocuments" name="test_categories_have_parent_structure" time="0.114" /><testcase classname="backend.tests.test_iteration14_features.TestRelatedDocuments" name="test_related_docs_data_structure" time="0.231" /><testcase classname="backend.tests.test_iteration14_features.TestKeywordsAutoLinking" name="test_keywords_endpoint" time="0.129" /><testcase classname="backend.tests.test_iteration14_features.TestKeywordsAutoLinking" name="test_keywords_map_to_valid_docs" time="36.242" /><testcase classname="backend.tests.test_iteration14_features.TestDocumentCRUD" name="test_create_document" time="0.354" /><testcase classname="backend.tests.test_iteration14_features.TestDocumentCRUD" name="test_read_document" time="0.226" /><testcase classname="backend.tests.test_iteration14_features.TestDocumentCRUD" name="test_update_document" time="0.480" /><testcase classname="backend.tests.test_iteration14_features.TestDocumentCRUD" name="test_delete_document_to_trash" time="5.693" /><testcase classname="backend.tests.test_iteration14_features.TestTrashOperations" name="test_restore_from_trash" time="0.747" /><testcase classname="backend.tests.test_iteration14_features.TestVersionHistory" name="test_versions_created_on_update" time="0.676" /><testcase classname="backend.tests.test_iteration14_features.TestVersionHistory" name="test_restore_version" time="0.767" /><testcase classname="backend.tests.test_iteration14_features.TestUserManagement" name="test_list_users" time="0.107" /><testcase classname="backend.tests.test_iteration14_features.TestUserManagement" name="test_invite_user" time="0.208" /><testcase classname="backend.tests.test_iteration14_features.TestUserManagement" name="test_change_user_role" time="0.326" /><testcase classname="backend.tests.test_iteration14_features.TestUserManagement" name="test_delete_user" time="0.209" /><testcase classname="backend.tests.test_iteration14_features.TestTools" name="test_list_tools" time="0.109" /><testcase classname="backend.tests.test_iteration14_features.TestTools" name="test_create_tool" time="0.219" /><testcase classname="backend.tests.test_iteration14_features.TestTools" name="test_update_tool" time="0.311" /><testcase classname="backend.tests.test_iteration14_features.TestTools" name="test_delete_tool" time="0.223" /><testcase classname="backend.tests.test_iteration14_features.TestComments" name="test_get_comments" time="0.227" /><testcase classname="backend.tests.test_iteration14_features.TestComments" name="test_add_comment" time="0.360" /><testcase classname="backend.tests.test_iteration14_features.TestComments" name="test_delete_comment_as_owner" time="0.324" /><testcase classname="backend.tests.test_iteration14_features.TestSearch" name="test_search_documents" time="0.134" /><testcase classname="backend.tests.test_iteration14_features.TestSearch" name="test_search_with_snippet" time="0.178" /><testcase classname="backend.tests.test_iteration14_features.Test404Page" name="test_document_not_found" time="0.106" /><testcase classname="backend.tests.test_iteration14_features.Test404Page" name="test_version_not_found" time="0.229" /><testcase classname="backend.tests.test_iteration14_features.TestBookmarks" name="test_toggle_bookmark" time="0.327" /></testsuite></testsuites>