<?xml version="1.0" encoding="utf-8"?><testsuites name="pytest tests"><testsuite name="pytest" errors="0" failures="3" skipped="0" tests="32" time="7.581" timestamp="2026-02-25T19:11:01.664603+00:00" hostname="agent-env-2e303016-2c5b-4770-88b2-19625eff17f6"><testcase classname="backend.tests.test_iteration12_comprehensive.TestHealthAndBasicAPIs" name="test_api_root" time="0.267" /><testcase classname="backend.tests.test_iteration12_comprehensive.TestHealthAndBasicAPIs" name="test_categories_endpoint" time="0.164" /><testcase classname="backend.tests.test_iteration12_comprehensive.TestHealthAndBasicAPIs" name="test_documents_endpoint" time="0.122" /><testcase classname="backend.tests.test_iteration12_comprehensive.TestCategoriesContent" name="test_16_public_categories_exist" time="0.122"><failure message="AssertionError: Missing expected category: Limitations&#10;assert 'Limitations' in ['Getting Started', 'Agent Anatomy', 'Tutorials', 'Platform Architecture', 'LLM Internals', 'Infrastructure', ...]">backend/tests/test_iteration12_comprehensive.py:107: in test_16_public_categories_exist
    assert expected in found_names, f"Missing expected category: {expected}"
E   AssertionError: Missing expected category: Limitations
E   assert 'Limitations' in ['Getting Started', 'Agent Anatomy', 'Tutorials', 'Platform Architecture', 'LLM Internals', 'Infrastructure', ...]</failure></testcase><testcase classname="backend.tests.test_iteration12_comprehensive.TestCategoriesContent" name="test_internal_categories_have_flag" time="0.138" /><testcase classname="backend.tests.test_iteration12_comprehensive.TestDocumentsContent" name="test_51_plus_documents_exist" time="0.281" /><testcase classname="backend.tests.test_iteration12_comprehensive.TestDocumentsContent" name="test_agent_anatomy_documents_exist" time="0.136"><failure message="AssertionError: Missing Agent Anatomy doc: The Agent Loop&#10;assert 'The Agent Loop' in ['System Architecture Overview', 'What Is an AI Agent?', 'What Is an AI Agent Orchestrator?', 'The Subagent System', 'Tool Execution Engine', 'How Transformers Work', ...]">backend/tests/test_iteration12_comprehensive.py:161: in test_agent_anatomy_documents_exist
    assert expected in found_titles, f"Missing Agent Anatomy doc: {expected}"
E   AssertionError: Missing Agent Anatomy doc: The Agent Loop
E   assert 'The Agent Loop' in ['System Architecture Overview', 'What Is an AI Agent?', 'What Is an AI Agent Orchestrator?', 'The Subagent System', 'Tool Execution Engine', 'How Transformers Work', ...]</failure></testcase><testcase classname="backend.tests.test_iteration12_comprehensive.TestDocumentsContent" name="test_tutorial_documents_exist" time="0.198"><failure message="AssertionError: Missing Tutorial doc: Cost Optimization&#10;assert 'Cost Optimization' in ['System Architecture Overview', 'What Is an AI Agent?', 'What Is an AI Agent Orchestrator?', 'The Subagent System', 'Tool Execution Engine', 'How Transformers Work', ...]">backend/tests/test_iteration12_comprehensive.py:180: in test_tutorial_documents_exist
    assert expected in found_titles, f"Missing Tutorial doc: {expected}"
E   AssertionError: Missing Tutorial doc: Cost Optimization
E   assert 'Cost Optimization' in ['System Architecture Overview', 'What Is an AI Agent?', 'What Is an AI Agent Orchestrator?', 'The Subagent System', 'Tool Execution Engine', 'How Transformers Work', ...]</failure></testcase><testcase classname="backend.tests.test_iteration12_comprehensive.TestDocumentsContent" name="test_document_has_markdown_content" time="0.152" /><testcase classname="backend.tests.test_iteration12_comprehensive.TestSearchAPI" name="test_search_finds_documents" time="0.133" /><testcase classname="backend.tests.test_iteration12_comprehensive.TestSearchAPI" name="test_search_empty_query" time="0.203" /><testcase classname="backend.tests.test_iteration12_comprehensive.TestBookmarksAPI" name="test_get_bookmarks" time="0.138" /><testcase classname="backend.tests.test_iteration12_comprehensive.TestBookmarksAPI" name="test_toggle_bookmark" time="0.409" /><testcase classname="backend.tests.test_iteration12_comprehensive.TestToolsAPI" name="test_get_tools" time="0.133" /><testcase classname="backend.tests.test_iteration12_comprehensive.TestToolsAPI" name="test_create_tool" time="0.287" /><testcase classname="backend.tests.test_iteration12_comprehensive.TestToolsAPI" name="test_delete_tool" time="0.329" /><testcase classname="backend.tests.test_iteration12_comprehensive.TestTrashAPI" name="test_get_trash" time="0.118" /><testcase classname="backend.tests.test_iteration12_comprehensive.TestAnalyticsAPI" name="test_analytics_overview" time="0.134" /><testcase classname="backend.tests.test_iteration12_comprehensive.TestAnalyticsAPI" name="test_analytics_popular_docs" time="0.132" /><testcase classname="backend.tests.test_iteration12_comprehensive.TestAnalyticsAPI" name="test_analytics_searches" time="0.136" /><testcase classname="backend.tests.test_iteration12_comprehensive.TestAnalyticsAPI" name="test_analytics_chatbot" time="0.112" /><testcase classname="backend.tests.test_iteration12_comprehensive.TestAnalyticsAPI" name="test_analytics_activity" time="0.129" /><testcase classname="backend.tests.test_iteration12_comprehensive.TestTagsAPI" name="test_get_tags" time="0.122" /><testcase classname="backend.tests.test_iteration12_comprehensive.TestTagsAPI" name="test_tag_suggestions" time="0.164" /><testcase classname="backend.tests.test_iteration12_comprehensive.TestDocumentCRUD" name="test_get_single_document" time="0.266" /><testcase classname="backend.tests.test_iteration12_comprehensive.TestDocumentCRUD" name="test_create_update_delete_document" time="1.046" /><testcase classname="backend.tests.test_iteration12_comprehensive.TestDocumentVersions" name="test_get_document_versions" time="0.242" /><testcase classname="backend.tests.test_iteration12_comprehensive.TestCommentsAPI" name="test_get_comments" time="0.238" /><testcase classname="backend.tests.test_iteration12_comprehensive.TestCommentsAPI" name="test_add_and_delete_comment" time="0.413" /><testcase classname="backend.tests.test_iteration12_comprehensive.TestUsersAPI" name="test_get_users" time="0.118" /><testcase classname="backend.tests.test_iteration12_comprehensive.TestTemplatesAPI" name="test_get_templates" time="0.376" /><testcase classname="backend.tests.test_iteration12_comprehensive.TestPublicSharingAPI" name="test_toggle_share" time="0.488" /></testsuite></testsuites>