<?xml version="1.0" encoding="utf-8"?><testsuites name="pytest tests"><testsuite name="pytest" errors="0" failures="0" skipped="0" tests="15" time="2.471" timestamp="2026-03-04T11:23:48.199266+00:00" hostname="agent-env-2e753525-eae3-49eb-be92-b785187ac8df"><testcase classname="tests.test_iteration16_features.TestLearningPathsAPI" name="test_get_all_learning_paths" time="0.176" /><testcase classname="tests.test_iteration16_features.TestLearningPathsAPI" name="test_learning_paths_have_correct_difficulties" time="0.143" /><testcase classname="tests.test_iteration16_features.TestLearningPathsAPI" name="test_get_single_learning_path" time="0.235" /><testcase classname="tests.test_iteration16_features.TestLearningPathsAPI" name="test_get_nonexistent_learning_path_returns_404" time="0.165" /><testcase classname="tests.test_iteration16_features.TestPathTestsAPI" name="test_get_path_test_for_beginner_path" time="0.135" /><testcase classname="tests.test_iteration16_features.TestPathTestsAPI" name="test_get_path_test_for_nonexistent_path" time="0.145" /><testcase classname="tests.test_iteration16_features.TestDocumentQuizAPI" name="test_get_quiz_for_doc_with_quiz" time="0.140" /><testcase classname="tests.test_iteration16_features.TestDocumentQuizAPI" name="test_get_quiz_for_doc_without_quiz" time="0.143" /><testcase classname="tests.test_iteration16_features.TestToolsAPI" name="test_get_all_tools" time="0.153" /><testcase classname="tests.test_iteration16_features.TestToolsAPI" name="test_create_tool" time="0.186" /><testcase classname="tests.test_iteration16_features.TestToolsAPI" name="test_delete_tool" time="0.196" /><testcase classname="tests.test_iteration16_features.TestDocumentsAPI" name="test_get_document" time="0.145" /><testcase classname="tests.test_iteration16_features.TestDocumentsAPI" name="test_get_all_documents" time="0.143" /><testcase classname="tests.test_iteration16_features.TestKeywordsAPI" name="test_get_keywords" time="0.145" /><testcase classname="tests.test_iteration16_features.TestCategoriesAPI" name="test_get_categories" time="0.148" /></testsuite></testsuites>