<?xml version="1.0" encoding="utf-8"?><testsuites name="pytest tests"><testsuite name="pytest" errors="0" failures="1" skipped="0" tests="16" time="5.214" timestamp="2026-02-26T10:14:35.381085+00:00" hostname="agent-env-2e303016-2c5b-4770-88b2-19625eff17f6"><testcase classname="backend.tests.test_iteration13_new_features.TestKeywordsEndpoint" name="test_keywords_endpoint_returns_data" time="0.247" /><testcase classname="backend.tests.test_iteration13_new_features.TestKeywordsEndpoint" name="test_keywords_contains_expected_terms" time="0.107" /><testcase classname="backend.tests.test_iteration13_new_features.TestKeywordsEndpoint" name="test_keywords_values_are_valid_uuids" time="0.116" /><testcase classname="backend.tests.test_iteration13_new_features.TestVersionHistory" name="test_get_versions_empty_initially" time="0.421" /><testcase classname="backend.tests.test_iteration13_new_features.TestVersionHistory" name="test_update_creates_version" time="0.541" /><testcase classname="backend.tests.test_iteration13_new_features.TestVersionHistory" name="test_restore_version_api" time="0.726" /><testcase classname="backend.tests.test_iteration13_new_features.TestVersionHistory" name="test_restore_creates_new_version" time="0.945" /><testcase classname="backend.tests.test_iteration13_new_features.TestUserManagement" name="test_list_users" time="0.106" /><testcase classname="backend.tests.test_iteration13_new_features.TestUserManagement" name="test_invite_user" time="0.204" /><testcase classname="backend.tests.test_iteration13_new_features.TestUserManagement" name="test_invite_duplicate_fails" time="0.341" /><testcase classname="backend.tests.test_iteration13_new_features.TestUserManagement" name="test_change_user_role" time="0.445" /><testcase classname="backend.tests.test_iteration13_new_features.TestUserManagement" name="test_delete_user" time="0.324"><failure message="KeyError: 'user_id'">backend/tests/test_iteration13_new_features.py:328: in test_delete_user
    user_ids = [u['user_id'] for u in users]
               ^^^^^^^^^^^^^^^^^^^^^^^^^^^^^
backend/tests/test_iteration13_new_features.py:328: in &lt;listcomp&gt;
    user_ids = [u['user_id'] for u in users]
                ^^^^^^^^^^^^
E   KeyError: 'user_id'</failure></testcase><testcase classname="backend.tests.test_iteration13_new_features.TestDocumentMetadata" name="test_document_has_updated_at" time="0.112" /><testcase classname="backend.tests.test_iteration13_new_features.TestDocumentMetadata" name="test_reading_time_calculation" time="0.217" /><testcase classname="backend.tests.test_iteration13_new_features.TestHomePageCategories" name="test_categories_exist" time="0.104" /><testcase classname="backend.tests.test_iteration13_new_features.TestHomePageCategories" name="test_tutorials_is_last_category" time="0.107" /></testsuite></testsuites>