<?xml version="1.0" encoding="utf-8"?><testsuites name="pytest tests"><testsuite name="pytest" errors="0" failures="0" skipped="0" tests="18" time="4.538" timestamp="2026-02-23T19:22:14.376591+00:00" hostname="agent-env-2e303016-2c5b-4770-88b2-19625eff17f6"><testcase classname="tests.test_content_enhancement.TestNewCategories" name="test_getting_started_category_exists" time="0.975" /><testcase classname="tests.test_content_enhancement.TestNewCategories" name="test_tutorials_category_exists" time="0.144" /><testcase classname="tests.test_content_enhancement.TestNewCategories" name="test_tutorials_has_subcategories" time="0.164" /><testcase classname="tests.test_content_enhancement.TestNewCategories" name="test_test_cases_category_hidden" time="0.200" /><testcase classname="tests.test_content_enhancement.TestNewDocuments" name="test_getting_started_has_3_documents" time="0.404" /><testcase classname="tests.test_content_enhancement.TestNewDocuments" name="test_first_10_minutes_document" time="0.309" /><testcase classname="tests.test_content_enhancement.TestNewDocuments" name="test_how_to_talk_to_e1_document" time="0.252" /><testcase classname="tests.test_content_enhancement.TestNewDocuments" name="test_platform_glossary_document" time="0.256" /><testcase classname="tests.test_content_enhancement.TestNewDocuments" name="test_building_rest_api_document" time="0.165" /><testcase classname="tests.test_content_enhancement.TestNewDocuments" name="test_debugging_500_error_document" time="0.188" /><testcase classname="tests.test_content_enhancement.TestNewDocuments" name="test_choosing_right_llm_document" time="0.171" /><testcase classname="tests.test_content_enhancement.TestNewDocuments" name="test_mongodb_vs_postgresql_document" time="0.282" /><testcase classname="tests.test_content_enhancement.TestTagFiltering" name="test_getting_started_tag_exists" time="0.124" /><testcase classname="tests.test_content_enhancement.TestTagFiltering" name="test_tutorial_tag_exists" time="0.136" /><testcase classname="tests.test_content_enhancement.TestTagFiltering" name="test_comparison_tag_exists" time="0.142" /><testcase classname="tests.test_content_enhancement.TestTagFiltering" name="test_beginner_tag_exists" time="0.174" /><testcase classname="tests.test_content_enhancement.TestSearchForNewContent" name="test_search_finds_getting_started" time="0.190" /><testcase classname="tests.test_content_enhancement.TestSearchForNewContent" name="test_search_finds_mongodb_postgres" time="0.176" /></testsuite></testsuites>