<?xml version="1.0" encoding="utf-8"?><testsuites name="pytest tests"><testsuite name="pytest" errors="0" failures="1" skipped="0" tests="19" time="7.759" timestamp="2026-02-12T21:17:34.842931+00:00" hostname="agent-env-efad4c30-85b6-4119-a62d-26cd4c148e54"><testcase classname="backend.tests.test_p0_features.TestTemplatesEndpoint" name="test_templates_returns_5_templates" time="0.086" /><testcase classname="backend.tests.test_p0_features.TestTemplatesEndpoint" name="test_templates_have_required_fields" time="0.042" /><testcase classname="backend.tests.test_p0_features.TestTemplatesEndpoint" name="test_templates_include_expected_types" time="0.040" /><testcase classname="backend.tests.test_p0_features.TestUserManagementEndpoints" name="test_get_users_returns_list_admin_only" time="0.041" /><testcase classname="backend.tests.test_p0_features.TestUserManagementEndpoints" name="test_viewer_cannot_access_users" time="0.041" /><testcase classname="backend.tests.test_p0_features.TestUserManagementEndpoints" name="test_invite_creates_new_user" time="0.041" /><testcase classname="backend.tests.test_p0_features.TestUserManagementEndpoints" name="test_invite_existing_email_returns_400" time="0.046" /><testcase classname="backend.tests.test_p0_features.TestUserManagementEndpoints" name="test_invite_invalid_role_returns_400" time="0.039" /><testcase classname="backend.tests.test_p0_features.TestUserManagementEndpoints" name="test_update_user_role" time="0.072" /><testcase classname="backend.tests.test_p0_features.TestUserManagementEndpoints" name="test_delete_user" time="0.078" /><testcase classname="backend.tests.test_p0_features.TestTagSuggestionsEndpoint" name="test_tags_suggestions_returns_list" time="0.079" /><testcase classname="backend.tests.test_p0_features.TestTagSuggestionsEndpoint" name="test_tags_suggestions_with_query" time="0.152" /><testcase classname="backend.tests.test_p0_features.TestDataCounts" name="test_categories_count_is_44" time="0.037" /><testcase classname="backend.tests.test_p0_features.TestDataCounts" name="test_documents_count_is_34" time="0.040" /><testcase classname="backend.tests.test_p0_features.TestDataCounts" name="test_ai_agent_test_cases_document_exists" time="0.080"><failure message="AssertionError: TC-AGT-001 should be in content&#10;assert 'TC-AGT-001' in '# Where AI Agents Are Heading\n\n## Timeline\n\n```mermaid\nflowchart LR\n    NOW[&quot;2026&lt;br/&gt;Text + tools, single-session&quot;] --&gt; NEAR[&quot;2027&lt;br/&gt;Persistent memory, proactive agents&quot;]\n    NEAR --&gt; MID[&quot;2028-29&lt;br/&gt;Autonomous dev, self-improving&quot;]\n    MID --&gt; FAR[&quot;2030+&lt;br/&gt;Natural language programming&quot;]\n```\n\n## Near Future (2026-2027)\n- **Persistent Memory**: Agents remember across sessions, learn your preferences\n- **Proactive Agents**: Monitor apps, auto-fix bugs, suggest improvements without being asked\n- **Multi-Agent Collaboration**: Frontend + Backend + DevOps agents working as a team\n\n## Medium Future (2028-2029)\n- **Autonomous Development**: Describe a SaaS in natural language → fully built and deployed\n- **Self-Improving Agents**: Learn from past sessions globally, adapt to coding styles\n- **Multimodal Input**: Draw on a whiteboard, voice commands, point-and-say\n\n## Far Future (2030+)\n- Humans as product managers, agents as the development team\n- Natural language as the primary programming interface\n- Self-maintaining, self-evolving applications\n- The role of &quot;developer&quot; transforms into &quot;director of AI agents&quot;\n'">backend/tests/test_p0_features.py:289: in test_ai_agent_test_cases_document_exists
    assert "TC-AGT-001" in content, "TC-AGT-001 should be in content"
E   AssertionError: TC-AGT-001 should be in content
E   assert 'TC-AGT-001' in '# Where AI Agents Are Heading\n\n## Timeline\n\n```mermaid\nflowchart LR\n    NOW["2026&lt;br/&gt;Text + tools, single-session"] --&gt; NEAR["2027&lt;br/&gt;Persistent memory, proactive agents"]\n    NEAR --&gt; MID["2028-29&lt;br/&gt;Autonomous dev, self-improving"]\n    MID --&gt; FAR["2030+&lt;br/&gt;Natural language programming"]\n```\n\n## Near Future (2026-2027)\n- **Persistent Memory**: Agents remember across sessions, learn your preferences\n- **Proactive Agents**: Monitor apps, auto-fix bugs, suggest improvements without being asked\n- **Multi-Agent Collaboration**: Frontend + Backend + DevOps agents working as a team\n\n## Medium Future (2028-2029)\n- **Autonomous Development**: Describe a SaaS in natural language → fully built and deployed\n- **Self-Improving Agents**: Learn from past sessions globally, adapt to coding styles\n- **Multimodal Input**: Draw on a whiteboard, voice commands, point-and-say\n\n## Far Future (2030+)\n- Humans as product managers, agents as the development team\n- Natural language as the primary programming interface\n- Self-maintaining, self-evolving applications\n- The role of "developer" transforms into "director of AI agents"\n'</failure></testcase><testcase classname="backend.tests.test_p0_features.TestRegressionBasics" name="test_search_works" time="0.035" /><testcase classname="backend.tests.test_p0_features.TestRegressionBasics" name="test_comments_work" time="0.077" /><testcase classname="backend.tests.test_p0_features.TestRegressionBasics" name="test_bookmarks_work" time="0.037" /><testcase classname="backend.tests.test_p0_features.TestRegressionBasics" name="test_chatbot_endpoint_exists" time="6.566" /></testsuite></testsuites>