<?xml version="1.0" encoding="utf-8"?><testsuites name="pytest tests"><testsuite name="pytest" errors="0" failures="0" skipped="0" tests="19" time="7.998" timestamp="2026-02-12T21:23:10.560195+00:00" hostname="agent-env-efad4c30-85b6-4119-a62d-26cd4c148e54"><testcase classname="backend.tests.test_p0_features.TestTemplatesEndpoint" name="test_templates_returns_5_templates" time="0.078" /><testcase classname="backend.tests.test_p0_features.TestTemplatesEndpoint" name="test_templates_have_required_fields" time="0.041" /><testcase classname="backend.tests.test_p0_features.TestTemplatesEndpoint" name="test_templates_include_expected_types" time="0.040" /><testcase classname="backend.tests.test_p0_features.TestUserManagementEndpoints" name="test_get_users_returns_list_admin_only" time="0.040" /><testcase classname="backend.tests.test_p0_features.TestUserManagementEndpoints" name="test_viewer_cannot_access_users" time="0.042" /><testcase classname="backend.tests.test_p0_features.TestUserManagementEndpoints" name="test_invite_creates_new_user" time="0.042" /><testcase classname="backend.tests.test_p0_features.TestUserManagementEndpoints" name="test_invite_existing_email_returns_400" time="0.044" /><testcase classname="backend.tests.test_p0_features.TestUserManagementEndpoints" name="test_invite_invalid_role_returns_400" time="0.039" /><testcase classname="backend.tests.test_p0_features.TestUserManagementEndpoints" name="test_update_user_role" time="0.076" /><testcase classname="backend.tests.test_p0_features.TestUserManagementEndpoints" name="test_delete_user" time="0.076" /><testcase classname="backend.tests.test_p0_features.TestTagSuggestionsEndpoint" name="test_tags_suggestions_returns_list" time="0.044" /><testcase classname="backend.tests.test_p0_features.TestTagSuggestionsEndpoint" name="test_tags_suggestions_with_query" time="0.158" /><testcase classname="backend.tests.test_p0_features.TestDataCounts" name="test_categories_count_is_44" time="0.040" /><testcase classname="backend.tests.test_p0_features.TestDataCounts" name="test_documents_count_is_34" time="0.040" /><testcase classname="backend.tests.test_p0_features.TestDataCounts" name="test_ai_agent_test_cases_document_exists" time="0.079" /><testcase classname="backend.tests.test_p0_features.TestRegressionBasics" name="test_search_works" time="0.037" /><testcase classname="backend.tests.test_p0_features.TestRegressionBasics" name="test_comments_work" time="0.087" /><testcase classname="backend.tests.test_p0_features.TestRegressionBasics" name="test_bookmarks_work" time="0.040" /><testcase classname="backend.tests.test_p0_features.TestRegressionBasics" name="test_chatbot_endpoint_exists" time="6.902" /></testsuite></testsuites>