<?xml version="1.0" encoding="utf-8"?><testsuites name="pytest tests"><testsuite name="pytest" errors="0" failures="0" skipped="0" tests="19" time="1.768" timestamp="2026-02-12T18:57:29.768959+00:00" hostname="agent-env-efad4c30-85b6-4119-a62d-26cd4c148e54"><testcase classname="backend.tests.test_api.TestHealthCheck" name="test_api_root" time="0.077" /><testcase classname="backend.tests.test_api.TestAuthentication" name="test_register_existing_user" time="0.080" /><testcase classname="backend.tests.test_api.TestAuthentication" name="test_register_new_user" time="0.268" /><testcase classname="backend.tests.test_api.TestAuthentication" name="test_login_success" time="0.265" /><testcase classname="backend.tests.test_api.TestAuthentication" name="test_login_invalid_credentials" time="0.044" /><testcase classname="backend.tests.test_api.TestAuthentication" name="test_get_me_authenticated" time="0.042" /><testcase classname="backend.tests.test_api.TestAuthentication" name="test_get_me_unauthenticated" time="0.034" /><testcase classname="backend.tests.test_api.TestCategories" name="test_get_categories" time="0.045" /><testcase classname="backend.tests.test_api.TestCategories" name="test_categories_have_parent_structure" time="0.039" /><testcase classname="backend.tests.test_api.TestCategories" name="test_create_category" time="0.041" /><testcase classname="backend.tests.test_api.TestDocuments" name="test_get_documents" time="0.039" /><testcase classname="backend.tests.test_api.TestDocuments" name="test_documents_have_mermaid_content" time="0.044" /><testcase classname="backend.tests.test_api.TestDocuments" name="test_get_single_document" time="0.080" /><testcase classname="backend.tests.test_api.TestDocuments" name="test_document_crud_flow" time="0.276" /><testcase classname="backend.tests.test_api.TestBookmarks" name="test_get_bookmarks" time="0.035" /><testcase classname="backend.tests.test_api.TestBookmarks" name="test_toggle_bookmark" time="0.124" /><testcase classname="backend.tests.test_api.TestSearch" name="test_search_documents" time="0.036" /><testcase classname="backend.tests.test_api.TestSearch" name="test_search_agent" time="0.039" /><testcase classname="backend.tests.test_api.TestSearch" name="test_search_short_query_returns_empty" time="0.037" /></testsuite></testsuites>