<?xml version="1.0" encoding="utf-8"?><testsuites name="pytest tests"><testsuite name="pytest" errors="0" failures="1" skipped="0" tests="38" time="4.180" timestamp="2026-02-12T19:17:53.647216+00:00" hostname="agent-env-efad4c30-85b6-4119-a62d-26cd4c148e54"><testcase classname="backend.tests.test_api.TestHealthCheck" name="test_api_root" time="0.094" /><testcase classname="backend.tests.test_api.TestAuthentication" name="test_register_existing_user" time="0.038" /><testcase classname="backend.tests.test_api.TestAuthentication" name="test_register_new_user" time="0.261" /><testcase classname="backend.tests.test_api.TestAuthentication" name="test_login_success" time="0.265" /><testcase classname="backend.tests.test_api.TestAuthentication" name="test_login_invalid_credentials" time="0.041" /><testcase classname="backend.tests.test_api.TestAuthentication" name="test_get_me_authenticated" time="0.078" /><testcase classname="backend.tests.test_api.TestAuthentication" name="test_get_me_unauthenticated" time="0.046" /><testcase classname="backend.tests.test_api.TestCategories" name="test_get_categories" time="0.040" /><testcase classname="backend.tests.test_api.TestCategories" name="test_categories_have_parent_structure" time="0.039" /><testcase classname="backend.tests.test_api.TestCategories" name="test_create_category" time="0.037" /><testcase classname="backend.tests.test_api.TestCategories" name="test_update_category" time="0.124" /><testcase classname="backend.tests.test_api.TestCategories" name="test_update_category_not_found" time="0.037" /><testcase classname="backend.tests.test_api.TestCategories" name="test_delete_empty_category" time="0.108" /><testcase classname="backend.tests.test_api.TestCategories" name="test_delete_category_with_children_fails" time="0.188" /><testcase classname="backend.tests.test_api.TestCategories" name="test_delete_category_with_documents_fails" time="0.193" /><testcase classname="backend.tests.test_api.TestCategories" name="test_delete_category_not_found" time="0.039" /><testcase classname="backend.tests.test_api.TestDocuments" name="test_get_documents" time="0.038"><failure message="AssertionError: Expected 26 documents, got 27&#10;assert 27 == 26&#10; +  where 27 = len([{'author_id': 'system', 'category_id': '4f7322d7-786b-450f-84d7-d723d7bd6a04', 'content': '# System Architecture Overview\n\nA complete map of how the Emergent platform works — from the moment a user types a message to the final response.\n\n## End-to-End Flow\n\n```mermaid\nflowchart TD\n    U[User] --&gt;|types message| FE[Emergent Frontend]\n    FE --&gt;|sends via WebSocket/API| AS[Agent Service]\n    AS --&gt;|loads history, system prompt| AS\n    AS --&gt;|constructs full payload| E1[E1 Orchestrator]\n    E1 --&gt;|uses as reasoning engine| LLM[LLM Provider&lt;br/&gt;Claude / GPT / Gemini]\n    LLM --&gt;|returns reasoning + tool calls| E1\n    E1 --&gt;|decides: tool or text?| Decision{Decision}\n    Decision --&gt;|text response| AS\n    Decision --&gt;|tool call| TE[Tool Execution Engine]\n    Decision --&gt;|subagent call| SA[Subagent]\n    TE --&gt;|executes in container| POD[Kubernetes Pod]\n    SA --&gt;|spawns separate session| SA_LLM[Subagent LLM]\n    SA_LLM --&gt;|returns results| E1\n    TE --&gt;|returns results| E1\n    E1 --&gt;|loop continues until done| Decision\n    AS --&gt;|stores in DB, streams to user| FE\n    FE --&gt;|displays response| U\n```\n\n## Component Roles\n\n| Component | What It Is | What It Do...&lt;br/&gt;Human or AI feedback&lt;br/&gt;Alignment: helpful, harmless, honest&quot;]\n    P3 --&gt; P4[&quot;Phase 4: Tool Use Training&lt;br/&gt;Structured function calling&lt;br/&gt;JSON schema outputs&quot;]\n    P4 --&gt; RESULT[Production Model]\n```\n\n### Phase 1: Pre-Training\nData from the entire internet — books, code, Wikipedia, documentation. Objective: predict the next token. Requires thousands of GPUs for months. Result: a base model that knows language but is raw and unaligned.\n\n### Phase 2: Instruction Tuning\nHuman-curated instruction-response pairs teach the model to follow directions. Thousands to millions of examples. Result: model that can have conversations and format output.\n\n### Phase 3: RLHF / RLAIF\n**RLHF**: Humans rate outputs, train a reward model, fine-tune with reinforcement learning.\n**RLAIF**: AI judges rate outputs — cheaper and more scalable.\nResult: helpful, harmless, honest model.\n\n### Phase 4: Tool Use Training\nSpecific to agent-capable models. Trained on examples of structured tool calls, JSON schemas, and multi-turn tool conversations. Result: model that can output structured function calls instead of just text.\n', 'created_at': '2026-02-12T18:55:17.950034+00:00', ...}, ...])">backend/tests/test_api.py:329: in test_get_documents
    assert len(data) == 26, f"Expected 26 documents, got {len(data)}"
E   AssertionError: Expected 26 documents, got 27
E   assert 27 == 26
E    +  where 27 = len([{'author_id': 'system', 'category_id': '4f7322d7-786b-450f-84d7-d723d7bd6a04', 'content': '# System Architecture Overview\n\nA complete map of how the Emergent platform works — from the moment a user types a message to the final response.\n\n## End-to-End Flow\n\n```mermaid\nflowchart TD\n    U[User] --&gt;|types message| FE[Emergent Frontend]\n    FE --&gt;|sends via WebSocket/API| AS[Agent Service]\n    AS --&gt;|loads history, system prompt| AS\n    AS --&gt;|constructs full payload| E1[E1 Orchestrator]\n    E1 --&gt;|uses as reasoning engine| LLM[LLM Provider&lt;br/&gt;Claude / GPT / Gemini]\n    LLM --&gt;|returns reasoning + tool calls| E1\n    E1 --&gt;|decides: tool or text?| Decision{Decision}\n    Decision --&gt;|text response| AS\n    Decision --&gt;|tool call| TE[Tool Execution Engine]\n    Decision --&gt;|subagent call| SA[Subagent]\n    TE --&gt;|executes in container| POD[Kubernetes Pod]\n    SA --&gt;|spawns separate session| SA_LLM[Subagent LLM]\n    SA_LLM --&gt;|returns results| E1\n    TE --&gt;|returns results| E1\n    E1 --&gt;|loop continues until done| Decision\n    AS --&gt;|stores in DB, streams to user| FE\n    FE --&gt;|displays response| U\n```\n\n## Component Roles\n\n| Component | What It Is | What It Do...&lt;br/&gt;Human or AI feedback&lt;br/&gt;Alignment: helpful, harmless, honest"]\n    P3 --&gt; P4["Phase 4: Tool Use Training&lt;br/&gt;Structured function calling&lt;br/&gt;JSON schema outputs"]\n    P4 --&gt; RESULT[Production Model]\n```\n\n### Phase 1: Pre-Training\nData from the entire internet — books, code, Wikipedia, documentation. Objective: predict the next token. Requires thousands of GPUs for months. Result: a base model that knows language but is raw and unaligned.\n\n### Phase 2: Instruction Tuning\nHuman-curated instruction-response pairs teach the model to follow directions. Thousands to millions of examples. Result: model that can have conversations and format output.\n\n### Phase 3: RLHF / RLAIF\n**RLHF**: Humans rate outputs, train a reward model, fine-tune with reinforcement learning.\n**RLAIF**: AI judges rate outputs — cheaper and more scalable.\nResult: helpful, harmless, honest model.\n\n### Phase 4: Tool Use Training\nSpecific to agent-capable models. Trained on examples of structured tool calls, JSON schemas, and multi-turn tool conversations. Result: model that can output structured function calls instead of just text.\n', 'created_at': '2026-02-12T18:55:17.950034+00:00', ...}, ...])</failure></testcase><testcase classname="backend.tests.test_api.TestDocuments" name="test_documents_have_mermaid_content" time="0.041" /><testcase classname="backend.tests.test_api.TestDocuments" name="test_get_single_document" time="0.070" /><testcase classname="backend.tests.test_api.TestDocuments" name="test_document_crud_flow" time="0.301" /><testcase classname="backend.tests.test_api.TestBookmarks" name="test_get_bookmarks" time="0.037" /><testcase classname="backend.tests.test_api.TestBookmarks" name="test_toggle_bookmark" time="0.115" /><testcase classname="backend.tests.test_api.TestSearch" name="test_search_documents" time="0.036" /><testcase classname="backend.tests.test_api.TestSearch" name="test_search_agent" time="0.033" /><testcase classname="backend.tests.test_api.TestSearch" name="test_search_short_query_returns_empty" time="0.037" /><testcase classname="backend.tests.test_api.TestSearch" name="test_search_returns_snippets" time="0.037" /><testcase classname="backend.tests.test_api.TestSearch" name="test_search_content_not_just_title" time="0.035" /><testcase classname="backend.tests.test_p2_features.TestSearchWithSnippets" name="test_search_kubernetes_returns_snippet" time="0.288" /><testcase classname="backend.tests.test_p2_features.TestTagsSystem" name="test_get_tags_endpoint" time="0.037" /><testcase classname="backend.tests.test_p2_features.TestTagsSystem" name="test_create_document_with_tags" time="0.144" /><testcase classname="backend.tests.test_p2_features.TestTagsSystem" name="test_update_document_tags" time="0.223" /><testcase classname="backend.tests.test_p2_features.TestVersionHistory" name="test_get_versions_empty_initially" time="0.147" /><testcase classname="backend.tests.test_p2_features.TestVersionHistory" name="test_put_creates_version" time="0.185" /><testcase classname="backend.tests.test_p2_features.TestVersionHistory" name="test_multiple_edits_create_multiple_versions" time="0.257" /><testcase classname="backend.tests.test_p2_features.TestVersionHistory" name="test_get_existing_doc_versions" time="0.077" /><testcase classname="backend.tests.test_p2_features.TestExportDocument" name="test_export_returns_markdown" time="0.077" /><testcase classname="backend.tests.test_p2_features.TestExportDocument" name="test_export_nonexistent_doc_returns_404" time="0.037" /><testcase classname="backend.tests.test_p2_features.TestDocumentDeleteCleansVersions" name="test_delete_doc_removes_versions" time="0.215" /></testsuite></testsuites>